
=== Sobol at N=128 ===
  Total Saltelli evaluations: 1152
  500/1152 (11.2/s, ETA 58s)
  1000/1152 (10.5/s, ETA 14s)
  Evals done in 134.3s
  -> ST(safety_gate)=0.633 CI[0.291, 1.071]

=== Sobol at N=256 ===
  Total Saltelli evaluations: 2304
  500/2304 (4.5/s, ETA 405s)
  1000/2304 (4.6/s, ETA 286s)
  1500/2304 (5.7/s, ETA 141s)
  2000/2304 (6.5/s, ETA 47s)
  Evals done in 335.9s
  -> ST(safety_gate)=0.636 CI[0.393, 0.888]

=== Sobol at N=512 ===
  Total Saltelli evaluations: 4608
  500/4608 (11.2/s, ETA 367s)
  1000/4608 (11.2/s, ETA 322s)
  1500/4608 (11.2/s, ETA 277s)
  2000/4608 (11.2/s, ETA 232s)
  2500/4608 (11.2/s, ETA 188s)
  3000/4608 (11.2/s, ETA 143s)
  3500/4608 (11.2/s, ETA 99s)
  4000/4608 (11.2/s, ETA 54s)
  4500/4608 (11.3/s, ETA 10s)
  Evals done in 405.6s
  -> ST(safety_gate)=0.608 CI[0.443, 0.899]

=== Sobol at N=1024 ===
  Total Saltelli evaluations: 9216
  500/9216 (12.0/s, ETA 726s)
  1000/9216 (12.1/s, ETA 677s)
  1500/9216 (12.2/s, ETA 631s)
  2000/9216 (12.2/s, ETA 590s)
  2500/9216 (12.3/s, ETA 548s)
  3000/9216 (12.3/s, ETA 507s)
  3500/9216 (12.3/s, ETA 466s)
  4000/9216 (12.2/s, ETA 426s)
  4500/9216 (12.2/s, ETA 385s)
  5000/9216 (12.3/s, ETA 344s)
  5500/9216 (12.3/s, ETA 303s)
  6000/9216 (12.3/s, ETA 262s)
  6500/9216 (12.3/s, ETA 221s)
  7000/9216 (12.3/s, ETA 180s)
  7500/9216 (12.3/s, ETA 139s)
  8000/9216 (12.3/s, ETA 99s)
  8500/9216 (12.3/s, ETA 58s)
  9000/9216 (12.3/s, ETA 18s)
  Evals done in 749.7s
  -> ST(safety_gate)=0.762 CI[0.597, 1.037]

=== Sobol at N=2048 ===
  Total Saltelli evaluations: 18432
  500/18432 (12.4/s, ETA 1444s)
  1000/18432 (12.4/s, ETA 1407s)
  1500/18432 (12.4/s, ETA 1364s)
  2000/18432 (12.4/s, ETA 1323s)
  2500/18432 (11.9/s, ETA 1335s)
  3000/18432 (11.9/s, ETA 1300s)
  3500/18432 (11.3/s, ETA 1323s)
  4000/18432 (11.1/s, ETA 1301s)
  4500/18432 (11.0/s, ETA 1262s)
  5000/18432 (11.1/s, ETA 1209s)
  5500/18432 (11.2/s, ETA 1153s)
  6000/18432 (11.3/s, ETA 1103s)
  6500/18432 (11.3/s, ETA 1055s)
  7000/18432 (11.1/s, ETA 1030s)
  7500/18432 (11.1/s, ETA 982s)
  8000/18432 (11.2/s, ETA 933s)
  8500/18432 (11.1/s, ETA 896s)
  9000/18432 (11.1/s, ETA 852s)
  9500/18432 (11.1/s, ETA 802s)
  10000/18432 (11.1/s, ETA 762s)
  10500/18432 (11.1/s, ETA 712s)
  11000/18432 (11.2/s, ETA 664s)
  11500/18432 (11.2/s, ETA 621s)
  12000/18432 (11.2/s, ETA 576s)
  12500/18432 (11.2/s, ETA 532s)
  13000/18432 (11.2/s, ETA 487s)
  13500/18432 (11.2/s, ETA 442s)
  14000/18432 (11.2/s, ETA 395s)
  14500/18432 (11.3/s, ETA 349s)
  15000/18432 (11.3/s, ETA 304s)
  15500/18432 (10.9/s, ETA 269s)
  16000/18432 (10.7/s, ETA 228s)
  16500/18432 (10.7/s, ETA 180s)
  17000/18432 (10.5/s, ETA 136s)
  17500/18432 (10.1/s, ETA 93s)
  18000/18432 (9.6/s, ETA 45s)
  Evals done in 1975.0s
  -> ST(safety_gate)=0.725 CI[0.601, 0.859]

Wrote C:\Users\Walter.Brown\EAA_Portfolio\ethical-alpha-audit-paper-5-sensitivity-study\outputs\processed\sobol_convergence.json
Wrote outputs/tables/sobol_*.csv (primary N=2048)

======================================================================
N-progression summary: ST(safety_gate) on detection_rate
======================================================================
  N=  128: ST=0.633  CI[0.291, 1.071]
  N=  256: ST=0.636  CI[0.393, 0.888]
  N=  512: ST=0.608  CI[0.443, 0.899]
  N= 1024: ST=0.762  CI[0.597, 1.037]
  N= 2048: ST=0.725  CI[0.601, 0.859]

======================================================================
N=2048 — full ST ranking on detection_rate (with 95% bootstrap CI)
======================================================================
  safety_gate              : ST=0.725  CI[0.601, 0.859]
  calibration_gate         : ST=0.306  CI[0.256, 0.365]
  unsafe_base_rate         : ST=0.208  CI[0.168, 0.254]
  evidence_gate            : ST=0.198  CI[0.162, 0.239]
  bias_gate                : ST=0.153  CI[0.121, 0.188]
  traceability_gate        : ST=0.078  CI[0.060, 0.102]
  auditability_noise       : ST=0.015  CI[0.011, 0.018]

======================================================================
N=2048 — full ST ranking across all outcomes
======================================================================

  Detection:
    safety_gate              : ST=0.725  [0.601, 0.859]
    calibration_gate         : ST=0.306  [0.256, 0.365]
    unsafe_base_rate         : ST=0.208  [0.168, 0.254]
    evidence_gate            : ST=0.198  [0.162, 0.239]
    bias_gate                : ST=0.153  [0.121, 0.188]
    traceability_gate        : ST=0.078  [0.060, 0.102]
    auditability_noise       : ST=0.015  [0.011, 0.018]

  Throughput:
    evidence_gate            : ST=0.426  [0.389, 0.474]
    calibration_gate         : ST=0.319  [0.287, 0.352]
    traceability_gate        : ST=0.156  [0.141, 0.176]
    safety_gate              : ST=0.148  [0.128, 0.170]
    bias_gate                : ST=0.142  [0.125, 0.157]
    unsafe_base_rate         : ST=0.018  [0.016, 0.020]
    auditability_noise       : ST=0.009  [0.008, 0.010]

  FN harm:
    safety_gate              : ST=0.698  [0.575, 0.893]
    unsafe_base_rate         : ST=0.358  [0.285, 0.429]
    calibration_gate         : ST=0.277  [0.224, 0.340]
    bias_gate                : ST=0.189  [0.150, 0.232]
    evidence_gate            : ST=0.175  [0.140, 0.217]
    traceability_gate        : ST=0.080  [0.060, 0.109]
    auditability_noise       : ST=0.012  [0.009, 0.015]

  Friction:
    evidence_gate            : ST=0.274  [0.258, 0.292]
    safety_gate              : ST=0.232  [0.216, 0.248]
    calibration_gate         : ST=0.190  [0.178, 0.203]
    traceability_gate        : ST=0.165  [0.156, 0.176]
    bias_gate                : ST=0.143  [0.136, 0.154]
    auditability_noise       : ST=0.000  [0.000, 0.000]
    unsafe_base_rate         : ST=0.000  [0.000, 0.000]
